[2022-04-21T07:50:42.135906+02:00] flutterwave/rave.NOTICE: Generating Reference Number.... [] []
[2022-04-21T07:50:42.186301+02:00] flutterwave/rave.NOTICE: Generated Reference Number....1199780084594510 [] []
[2022-04-21T07:50:42.186447+02:00] flutterwave/rave.NOTICE: Rave Class Initializes.... [] []
[2022-04-21T07:50:42.186579+02:00] flutterwave/rave.NOTICE: Generating Checksum.... [] []
[2022-04-21T07:51:51.828320+02:00] flutterwave/rave.NOTICE: Generating Reference Number.... [] []
[2022-04-21T07:51:51.831143+02:00] flutterwave/rave.NOTICE: Generated Reference Number....1199780084594510 [] []
[2022-04-21T07:51:51.831520+02:00] flutterwave/rave.NOTICE: Rave Class Initializes.... [] []
[2022-04-21T07:51:51.831600+02:00] flutterwave/rave.NOTICE: Generating Checksum.... [] []
[2022-04-21T07:53:09.462814+02:00] flutterwave/rave.NOTICE: Generating Reference Number.... [] []
[2022-04-21T07:53:09.465875+02:00] flutterwave/rave.NOTICE: Generated Reference Number....RV_6260f14571bbc [] []
[2022-04-21T07:53:09.465977+02:00] flutterwave/rave.NOTICE: Rave Class Initializes.... [] []
[2022-04-21T07:53:09.466057+02:00] flutterwave/rave.NOTICE: Payment completed. Now requerying payment. [] []
[2022-04-21T07:53:09.466154+02:00] flutterwave/rave.NOTICE: Requerying Transaction....3301721 [] []
[2022-04-21T07:53:21.424864+02:00] flutterwave/rave.NOTICE: Requeryed a successful transaction....{"id":3301721,"tx_ref":"1199780084594510","flw_ref":"flwm3s4m0c1650520375632","device_fingerprint":"8acae5cb587eebbafba5f1f22fa2e403","amount":1000,"currency":"RWF","charged_amount":1000,"app_fee":29,"merchant_fee":0,"processor_response":"Approved","auth_model":"MOBILEMONEY","ip":"196.12.128.106","narration":"Mutabazi Moise","status":"successful","payment_type":"mobilemoneyrw","created_at":"2022-04-21T05:52:55.000Z","account_id":519020,"meta":{"__CheckoutInitAddress":"http:\/\/127.0.0.1\/uburyohe\/flutter\/processPayment.php"},"amount_settled":971,"customer":{"id":1599008,"name":"NTEZIMANA WILLIAM ","phone_number":"0783095662","email":"client@gmail.com","created_at":"2022-04-21T05:52:55.000Z"}} [] []
[2022-04-21T08:02:45.510043+02:00] flutterwave/rave.NOTICE: Generating Reference Number.... [] []
[2022-04-21T08:02:45.514113+02:00] flutterwave/rave.NOTICE: Generated Reference Number....1199780084594510 [] []
[2022-04-21T08:02:45.514225+02:00] flutterwave/rave.NOTICE: Rave Class Initializes.... [] []
[2022-04-21T08:02:45.514753+02:00] flutterwave/rave.NOTICE: Generating Checksum.... [] []
[2022-04-21T08:04:39.220805+02:00] flutterwave/rave.NOTICE: Generating Reference Number.... [] []
[2022-04-21T08:04:39.235180+02:00] flutterwave/rave.NOTICE: Generated Reference Number....1199780084594510 [] []
[2022-04-21T08:04:39.236804+02:00] flutterwave/rave.NOTICE: Rave Class Initializes.... [] []
[2022-04-21T08:04:39.237223+02:00] flutterwave/rave.NOTICE: Generating Checksum.... [] []
[2022-04-21T08:04:48.092255+02:00] flutterwave/rave.NOTICE: Generating Reference Number.... [] []
[2022-04-21T08:04:48.115637+02:00] flutterwave/rave.NOTICE: Generated Reference Number....RV_6260f4001c397 [] []
[2022-04-21T08:04:48.115753+02:00] flutterwave/rave.NOTICE: Rave Class Initializes.... [] []
[2022-04-21T08:04:53.216271+02:00] flutterwave/rave.NOTICE: Generating Reference Number.... [] []
[2022-04-21T08:04:53.217652+02:00] flutterwave/rave.NOTICE: Generated Reference Number....1199780084594510 [] []
[2022-04-21T08:04:53.217698+02:00] flutterwave/rave.NOTICE: Rave Class Initializes.... [] []
[2022-04-21T08:04:53.217741+02:00] flutterwave/rave.NOTICE: Generating Checksum.... [] []
[2022-04-21T08:41:03.135157+02:00] flutterwave/rave.NOTICE: Generating Reference Number.... [] []
[2022-04-21T08:41:03.138685+02:00] flutterwave/rave.NOTICE: Generated Reference Number....1234567890123456 [] []
[2022-04-21T08:41:03.138745+02:00] flutterwave/rave.NOTICE: Rave Class Initializes.... [] []
[2022-04-21T08:41:03.138795+02:00] flutterwave/rave.NOTICE: Generating Checksum.... [] []
[2022-04-21T08:43:28.660093+02:00] flutterwave/rave.NOTICE: Generating Reference Number.... [] []
[2022-04-21T08:43:28.662915+02:00] flutterwave/rave.NOTICE: Generated Reference Number....RV_6260fd10a1cbc [] []
[2022-04-21T08:43:28.663266+02:00] flutterwave/rave.NOTICE: Rave Class Initializes.... [] []
[2022-04-21T08:43:28.663319+02:00] flutterwave/rave.NOTICE: Payment completed. Now requerying payment. [] []
[2022-04-21T08:43:28.663353+02:00] flutterwave/rave.NOTICE: Requerying Transaction....3301846 [] []
[2022-04-21T08:43:50.522780+02:00] flutterwave/rave.NOTICE: Generating Reference Number.... [] []
[2022-04-21T08:43:50.523996+02:00] flutterwave/rave.NOTICE: Generated Reference Number....RV_6260fd267fed4 [] []
[2022-04-21T08:43:50.524040+02:00] flutterwave/rave.NOTICE: Rave Class Initializes.... [] []
[2022-04-21T08:43:50.524075+02:00] flutterwave/rave.NOTICE: Payment completed. Now requerying payment. [] []
[2022-04-21T08:43:50.524127+02:00] flutterwave/rave.NOTICE: Requerying Transaction....3301846 [] []
[2022-04-21T08:43:51.644494+02:00] flutterwave/rave.NOTICE: Requeryed a successful transaction....{"id":3301846,"tx_ref":"1234567890123456","flw_ref":"flwm3s4m0c1650523401373","device_fingerprint":"e74b76fb30b5691f874d095dc8625d2b","amount":1000,"currency":"RWF","charged_amount":1000,"app_fee":29,"merchant_fee":0,"processor_response":"Approved","auth_model":"MOBILEMONEY","ip":"196.12.128.106","narration":"Mutabazi Moise","status":"successful","payment_type":"mobilemoneyrw","created_at":"2022-04-21T06:43:20.000Z","account_id":519020,"meta":{"__CheckoutInitAddress":"http:\/\/127.0.0.1\/uburyohe\/flutter\/processPayment.php"},"amount_settled":971,"customer":{"id":1595270,"name":"Mutabazi Moses ","phone_number":"0786204000","email":"client@gmail.com","created_at":"2022-04-18T04:21:18.000Z"}} [] []
