[2022-05-21T09:04:33.910415+02:00] flutterwave/rave.NOTICE: Generating Reference Number.... [] []
[2022-05-21T09:04:33.947983+02:00] flutterwave/rave.NOTICE: Generated Reference Number....54138 [] []
[2022-05-21T09:04:33.948071+02:00] flutterwave/rave.NOTICE: Rave Class Initializes.... [] []
[2022-05-21T09:04:33.948138+02:00] flutterwave/rave.NOTICE: Generating Checksum.... [] []
[2022-05-21T09:10:23.241771+02:00] flutterwave/rave.NOTICE: Generating Reference Number.... [] []
[2022-05-21T09:10:23.244976+02:00] flutterwave/rave.NOTICE: Generated Reference Number....RV_6288905f3bcda [] []
[2022-05-21T09:10:23.245234+02:00] flutterwave/rave.NOTICE: Rave Class Initializes.... [] []
[2022-05-21T09:10:23.245316+02:00] flutterwave/rave.NOTICE: Payment completed. Now requerying payment. [] []
[2022-05-21T09:10:23.245377+02:00] flutterwave/rave.NOTICE: Requerying Transaction....null [] []
[2022-05-21T09:29:38.561639+02:00] flutterwave/rave.NOTICE: Generating Reference Number.... [] []
[2022-05-21T09:29:38.563055+02:00] flutterwave/rave.NOTICE: Generated Reference Number....RV_628894e289767 [] []
[2022-05-21T09:29:38.563096+02:00] flutterwave/rave.NOTICE: Rave Class Initializes.... [] []
[2022-05-21T09:29:38.563132+02:00] flutterwave/rave.NOTICE: Payment completed. Now requerying payment. [] []
[2022-05-21T09:29:38.563160+02:00] flutterwave/rave.NOTICE: Requerying Transaction....null [] []
[2022-05-21T09:29:58.931442+02:00] flutterwave/rave.NOTICE: Generating Reference Number.... [] []
[2022-05-21T09:29:58.933038+02:00] flutterwave/rave.NOTICE: Generated Reference Number....54138 [] []
[2022-05-21T09:29:58.933109+02:00] flutterwave/rave.NOTICE: Rave Class Initializes.... [] []
[2022-05-21T09:29:58.933186+02:00] flutterwave/rave.NOTICE: Generating Checksum.... [] []
[2022-05-21T09:31:19.660151+02:00] flutterwave/rave.NOTICE: Generating Reference Number.... [] []
[2022-05-21T09:31:19.661384+02:00] flutterwave/rave.NOTICE: Generated Reference Number....54138 [] []
[2022-05-21T09:31:19.661461+02:00] flutterwave/rave.NOTICE: Rave Class Initializes.... [] []
[2022-05-21T09:31:19.661521+02:00] flutterwave/rave.NOTICE: Generating Checksum.... [] []
[2022-05-21T09:32:35.187666+02:00] flutterwave/rave.NOTICE: Generating Reference Number.... [] []
[2022-05-21T09:32:35.189911+02:00] flutterwave/rave.NOTICE: Generated Reference Number....RV_628895932e5a6 [] []
[2022-05-21T09:32:35.190047+02:00] flutterwave/rave.NOTICE: Rave Class Initializes.... [] []
[2022-05-21T09:32:35.190135+02:00] flutterwave/rave.NOTICE: Payment completed. Now requerying payment. [] []
[2022-05-21T09:32:35.190207+02:00] flutterwave/rave.NOTICE: Requerying Transaction....3397586 [] []
[2022-05-21T09:34:36.683928+02:00] flutterwave/rave.NOTICE: Generating Reference Number.... [] []
[2022-05-21T09:34:36.685481+02:00] flutterwave/rave.NOTICE: Generated Reference Number....54138 [] []
[2022-05-21T09:34:36.685535+02:00] flutterwave/rave.NOTICE: Rave Class Initializes.... [] []
[2022-05-21T09:34:36.685576+02:00] flutterwave/rave.NOTICE: Generating Checksum.... [] []
[2022-05-21T09:35:17.889872+02:00] flutterwave/rave.NOTICE: Generating Reference Number.... [] []
[2022-05-21T09:35:17.892096+02:00] flutterwave/rave.NOTICE: Generated Reference Number....RV_62889635d9cb0 [] []
[2022-05-21T09:35:17.892153+02:00] flutterwave/rave.NOTICE: Rave Class Initializes.... [] []
[2022-05-21T09:35:17.892189+02:00] flutterwave/rave.NOTICE: Payment completed. Now requerying payment. [] []
[2022-05-21T09:35:17.892221+02:00] flutterwave/rave.NOTICE: Requerying Transaction....3397590 [] []
[2022-05-21T09:35:19.182732+02:00] flutterwave/rave.NOTICE: Requeryed a successful transaction....{"id":3397590,"tx_ref":"54138","flw_ref":"flwm3s4m0c1653118508590","device_fingerprint":"e74b76fb30b5691f874d095dc8625d2b","amount":24000,"currency":"RWF","charged_amount":24000,"app_fee":696,"merchant_fee":0,"processor_response":"Approved","auth_model":"MOBILEMONEY","ip":"197.157.165.115","narration":"Mutabazi Moise","status":"successful","payment_type":"mobilemoneyrw","created_at":"2022-05-21T07:35:08.000Z","account_id":519020,"meta":{"__CheckoutInitAddress":"http:\/\/127.0.0.1\/canteen\/flutter\/processPayment.php"},"amount_settled":23304,"customer":{"id":1632239,"name":"Ndayizeye Louis ","phone_number":"0786204000","email":"louisanto18@gmail.com","created_at":"2022-05-21T07:09:28.000Z"}} [] []
[2022-05-21T09:39:35.951354+02:00] flutterwave/rave.NOTICE: Generating Reference Number.... [] []
[2022-05-21T09:39:35.954135+02:00] flutterwave/rave.NOTICE: Generated Reference Number....300035 [] []
[2022-05-21T09:39:35.954193+02:00] flutterwave/rave.NOTICE: Rave Class Initializes.... [] []
[2022-05-21T09:39:35.954276+02:00] flutterwave/rave.NOTICE: Generating Checksum.... [] []
[2022-05-21T09:40:11.527070+02:00] flutterwave/rave.NOTICE: Generating Reference Number.... [] []
[2022-05-21T09:40:11.529128+02:00] flutterwave/rave.NOTICE: Generated Reference Number....RV_6288975b812d8 [] []
[2022-05-21T09:40:11.529185+02:00] flutterwave/rave.NOTICE: Rave Class Initializes.... [] []
[2022-05-21T09:40:11.529223+02:00] flutterwave/rave.NOTICE: Payment completed. Now requerying payment. [] []
[2022-05-21T09:40:11.529254+02:00] flutterwave/rave.NOTICE: Requerying Transaction....3397594 [] []
[2022-05-21T09:40:42.348045+02:00] flutterwave/rave.NOTICE: Generating Reference Number.... [] []
[2022-05-21T09:40:42.349312+02:00] flutterwave/rave.NOTICE: Generated Reference Number....RV_6288977a55474 [] []
[2022-05-21T09:40:42.349377+02:00] flutterwave/rave.NOTICE: Rave Class Initializes.... [] []
[2022-05-21T09:40:42.349415+02:00] flutterwave/rave.NOTICE: Payment completed. Now requerying payment. [] []
[2022-05-21T09:40:42.349447+02:00] flutterwave/rave.NOTICE: Requerying Transaction....3397594 [] []
[2022-05-21T09:40:45.084560+02:00] flutterwave/rave.NOTICE: Generating Reference Number.... [] []
[2022-05-21T09:40:45.085810+02:00] flutterwave/rave.NOTICE: Generated Reference Number....RV_6288977d14f27 [] []
[2022-05-21T09:40:45.085872+02:00] flutterwave/rave.NOTICE: Rave Class Initializes.... [] []
[2022-05-21T09:40:45.085908+02:00] flutterwave/rave.NOTICE: Payment completed. Now requerying payment. [] []
[2022-05-21T09:40:45.085939+02:00] flutterwave/rave.NOTICE: Requerying Transaction....3397594 [] []
[2022-05-21T09:40:55.482069+02:00] flutterwave/rave.NOTICE: Requeryed a successful transaction....{"id":3397594,"tx_ref":"300035","flw_ref":"flwm3s4m0c1653118807332","device_fingerprint":"e74b76fb30b5691f874d095dc8625d2b","amount":4000,"currency":"RWF","charged_amount":4000,"app_fee":116,"merchant_fee":0,"processor_response":"Approved","auth_model":"MOBILEMONEY","ip":"197.157.165.115","narration":"Mutabazi Moise","status":"successful","payment_type":"mobilemoneyrw","created_at":"2022-05-21T07:40:07.000Z","account_id":519020,"meta":{"__CheckoutInitAddress":"http:\/\/127.0.0.1\/canteen\/flutter\/processPayment.php"},"amount_settled":3884,"customer":{"id":1363675,"name":"MUTABAZI Moses","phone_number":"0786204000","email":"mosesmutabazi78@gmail.com","created_at":"2021-08-12T06:53:24.000Z"}} [] []
[2022-05-21T09:43:16.977160+02:00] flutterwave/rave.NOTICE: Generating Reference Number.... [] []
[2022-05-21T09:43:16.981824+02:00] flutterwave/rave.NOTICE: Generated Reference Number....300035 [] []
[2022-05-21T09:43:16.981971+02:00] flutterwave/rave.NOTICE: Rave Class Initializes.... [] []
[2022-05-21T09:43:16.982112+02:00] flutterwave/rave.NOTICE: Generating Checksum.... [] []
[2022-05-21T09:43:54.909345+02:00] flutterwave/rave.NOTICE: Generating Reference Number.... [] []
[2022-05-21T09:43:54.911128+02:00] flutterwave/rave.NOTICE: Generated Reference Number....RV_6288983ade709 [] []
[2022-05-21T09:43:54.911219+02:00] flutterwave/rave.NOTICE: Rave Class Initializes.... [] []
[2022-05-21T09:43:54.911259+02:00] flutterwave/rave.NOTICE: Payment completed. Now requerying payment. [] []
[2022-05-21T09:43:54.911306+02:00] flutterwave/rave.NOTICE: Requerying Transaction....3397598 [] []
[2022-05-21T09:43:57.336174+02:00] flutterwave/rave.NOTICE: Requeryed a successful transaction....{"id":3397598,"tx_ref":"300035","flw_ref":"flwm3s4m0c1653119030836","device_fingerprint":"e74b76fb30b5691f874d095dc8625d2b","amount":4000,"currency":"RWF","charged_amount":4000,"app_fee":116,"merchant_fee":0,"processor_response":"Approved","auth_model":"MOBILEMONEY","ip":"197.157.165.115","narration":"Mutabazi Moise","status":"successful","payment_type":"mobilemoneyrw","created_at":"2022-05-21T07:43:50.000Z","account_id":519020,"meta":{"__CheckoutInitAddress":"http:\/\/127.0.0.1\/canteen\/flutter\/processPayment.php"},"amount_settled":3884,"customer":{"id":1363675,"name":"MUTABAZI Moses","phone_number":"0786204000","email":"mosesmutabazi78@gmail.com","created_at":"2021-08-12T06:53:24.000Z"}} [] []
