[2022-04-16T23:13:53.513930+02:00] flutterwave/rave.NOTICE: Generating Reference Number.... [] []
[2022-04-16T23:13:53.517429+02:00] flutterwave/rave.NOTICE: Generated Reference Number....MY_NAME_5a22a7f270abc8879 [] []
[2022-04-16T23:13:53.517497+02:00] flutterwave/rave.NOTICE: Rave Class Initializes.... [] []
[2022-04-16T23:13:53.517557+02:00] flutterwave/rave.NOTICE: Generating Checksum.... [] []
[2022-04-16T23:15:02.748340+02:00] flutterwave/rave.NOTICE: Generating Reference Number.... [] []
[2022-04-16T23:15:02.750796+02:00] flutterwave/rave.NOTICE: Generated Reference Number....RV_625b31d6b74be [] []
[2022-04-16T23:15:02.751465+02:00] flutterwave/rave.NOTICE: Rave Class Initializes.... [] []
[2022-04-16T23:15:02.751624+02:00] flutterwave/rave.NOTICE: Payment completed. Now requerying payment. [] []
[2022-04-16T23:15:02.751721+02:00] flutterwave/rave.NOTICE: Requerying Transaction....3293644 [] []
[2022-04-16T23:15:04.890852+02:00] flutterwave/rave.NOTICE: Requeryed a successful transaction....{"id":3293644,"tx_ref":"MY_NAME_5a22a7f270abc8879","flw_ref":"flwm3s4m0c1650143698489","device_fingerprint":"8acae5cb587eebbafba5f1f22fa2e403","amount":200,"currency":"RWF","charged_amount":200,"app_fee":5.8,"merchant_fee":0,"processor_response":"Approved","auth_model":"MOBILEMONEY","ip":"41.186.78.65","narration":"Mutabazi Moise","status":"successful","payment_type":"mobilemoneyrw","created_at":"2022-04-16T21:14:58.000Z","account_id":519020,"meta":{"__CheckoutInitAddress":"http:\/\/127.0.0.1\/flutter\/processPayment.php"},"amount_settled":194.2,"customer":{"id":1363675,"name":"MUTABAZI Moses","phone_number":"0786204000","email":"mosesmutabazi78@gmail.com","created_at":"2021-08-12T06:53:24.000Z"}} [] []
[2022-04-16T23:40:15.944225+02:00] flutterwave/rave.NOTICE: Generating Reference Number.... [] []
[2022-04-16T23:40:15.946037+02:00] flutterwave/rave.NOTICE: Generated Reference Number....RV_625b37bfe6f6a [] []
[2022-04-16T23:40:15.946085+02:00] flutterwave/rave.NOTICE: Rave Class Initializes.... [] []
[2022-04-16T23:40:15.947959+02:00] flutterwave/rave.NOTICE: Generating Checksum.... [] []
[2022-04-16T23:44:04.987824+02:00] flutterwave/rave.NOTICE: Generating Reference Number.... [] []
[2022-04-16T23:44:04.990109+02:00] flutterwave/rave.NOTICE: Generated Reference Number....Mutabazi Moses [] []
[2022-04-16T23:44:04.990185+02:00] flutterwave/rave.NOTICE: Rave Class Initializes.... [] []
[2022-04-16T23:44:04.990754+02:00] flutterwave/rave.NOTICE: Generating Checksum.... [] []
[2022-04-16T23:44:39.336439+02:00] flutterwave/rave.NOTICE: Generating Reference Number.... [] []
[2022-04-16T23:44:39.338169+02:00] flutterwave/rave.NOTICE: Generated Reference Number....RV_625b38c7528ee [] []
[2022-04-16T23:44:39.338218+02:00] flutterwave/rave.NOTICE: Rave Class Initializes.... [] []
[2022-04-16T23:44:39.338253+02:00] flutterwave/rave.NOTICE: Payment completed. Now requerying payment. [] []
[2022-04-16T23:44:39.338284+02:00] flutterwave/rave.NOTICE: Requerying Transaction....3293651 [] []
[2022-04-16T23:44:40.827512+02:00] flutterwave/rave.NOTICE: Requeryed a successful transaction....{"id":3293651,"tx_ref":"Mutabazi Moses","flw_ref":"flwm3s4m0c1650145474949","device_fingerprint":"8acae5cb587eebbafba5f1f22fa2e403","amount":1000,"currency":"RWF","charged_amount":1000,"app_fee":29,"merchant_fee":0,"processor_response":"Approved","auth_model":"MOBILEMONEY","ip":"41.186.78.65","narration":"Mutabazi Moise","status":"successful","payment_type":"mobilemoneyrw","created_at":"2022-04-16T21:44:34.000Z","account_id":519020,"meta":{"__CheckoutInitAddress":"http:\/\/127.0.0.1\/uburyohe\/flutter\/processPayment.php"},"amount_settled":971,"customer":{"id":1363675,"name":"MUTABAZI Moses","phone_number":"0786204000","email":"mosesmutabazi78@gmail.com","created_at":"2021-08-12T06:53:24.000Z"}} [] []
[2022-04-16T23:46:01.159782+02:00] flutterwave/rave.NOTICE: Generating Reference Number.... [] []
[2022-04-16T23:46:01.164026+02:00] flutterwave/rave.NOTICE: Generated Reference Number....Mutabazi Moses [] []
[2022-04-16T23:46:01.164109+02:00] flutterwave/rave.NOTICE: Rave Class Initializes.... [] []
[2022-04-16T23:46:01.164241+02:00] flutterwave/rave.NOTICE: Generating Checksum.... [] []
[2022-04-16T23:46:52.548850+02:00] flutterwave/rave.NOTICE: Generating Reference Number.... [] []
[2022-04-16T23:46:52.551420+02:00] flutterwave/rave.NOTICE: Generated Reference Number....Mutabazi Moses [] []
[2022-04-16T23:46:52.551496+02:00] flutterwave/rave.NOTICE: Rave Class Initializes.... [] []
[2022-04-16T23:46:52.551591+02:00] flutterwave/rave.NOTICE: Generating Checksum.... [] []
[2022-04-16T23:47:26.108353+02:00] flutterwave/rave.NOTICE: Generating Reference Number.... [] []
[2022-04-16T23:47:26.118711+02:00] flutterwave/rave.NOTICE: Generated Reference Number....RV_625b396e1cfa8 [] []
[2022-04-16T23:47:26.118766+02:00] flutterwave/rave.NOTICE: Rave Class Initializes.... [] []
[2022-04-16T23:47:26.118804+02:00] flutterwave/rave.NOTICE: Payment completed. Now requerying payment. [] []
[2022-04-16T23:47:26.118837+02:00] flutterwave/rave.NOTICE: Requerying Transaction....3293653 [] []
[2022-04-16T23:47:29.156266+02:00] flutterwave/rave.NOTICE: Requeryed a successful transaction....{"id":3293653,"tx_ref":"Mutabazi Moses","flw_ref":"flwm3s4m0c1650145641735","device_fingerprint":"8acae5cb587eebbafba5f1f22fa2e403","amount":1000,"currency":"RWF","charged_amount":1000,"app_fee":29,"merchant_fee":0,"processor_response":"Approved","auth_model":"MOBILEMONEY","ip":"41.186.78.65","narration":"Mutabazi Moise","status":"successful","payment_type":"mobilemoneyrw","created_at":"2022-04-16T21:47:21.000Z","account_id":519020,"meta":{"__CheckoutInitAddress":"http:\/\/127.0.0.1\/uburyohe\/flutter\/processPayment.php"},"amount_settled":971,"customer":{"id":1363675,"name":"MUTABAZI Moses","phone_number":"0786204000","email":"mosesmutabazi78@gmail.com","created_at":"2021-08-12T06:53:24.000Z"}} [] []
[2022-04-16T23:54:29.746365+02:00] flutterwave/rave.NOTICE: Generating Reference Number.... [] []
[2022-04-16T23:54:29.748001+02:00] flutterwave/rave.NOTICE: Generated Reference Number....Mutabazi Moses [] []
[2022-04-16T23:54:29.748046+02:00] flutterwave/rave.NOTICE: Rave Class Initializes.... [] []
[2022-04-16T23:54:29.748089+02:00] flutterwave/rave.NOTICE: Generating Checksum.... [] []
[2022-04-16T23:55:05.910835+02:00] flutterwave/rave.NOTICE: Generating Reference Number.... [] []
[2022-04-16T23:55:05.912539+02:00] flutterwave/rave.NOTICE: Generated Reference Number....RV_625b3b39dec8c [] []
[2022-04-16T23:55:05.912625+02:00] flutterwave/rave.NOTICE: Rave Class Initializes.... [] []
[2022-04-16T23:55:05.912682+02:00] flutterwave/rave.NOTICE: Payment completed. Now requerying payment. [] []
[2022-04-16T23:55:05.912723+02:00] flutterwave/rave.NOTICE: Requerying Transaction....3293657 [] []
[2022-04-16T23:55:07.325199+02:00] flutterwave/rave.NOTICE: Requeryed a successful transaction....{"id":3293657,"tx_ref":"Mutabazi Moses","flw_ref":"flwm3s4m0c1650146100515","device_fingerprint":"8acae5cb587eebbafba5f1f22fa2e403","amount":1000,"currency":"RWF","charged_amount":1000,"app_fee":29,"merchant_fee":0,"processor_response":"Approved","auth_model":"MOBILEMONEY","ip":"41.186.78.65","narration":"Mutabazi Moise","status":"successful","payment_type":"mobilemoneyrw","created_at":"2022-04-16T21:55:00.000Z","account_id":519020,"meta":{"__CheckoutInitAddress":"http:\/\/127.0.0.1\/uburyohe\/flutter\/processPayment.php"},"amount_settled":971,"customer":{"id":1363675,"name":"MUTABAZI Moses","phone_number":"0786204000","email":"mosesmutabazi78@gmail.com","created_at":"2021-08-12T06:53:24.000Z"}} [] []
[2022-04-16T23:56:57.305691+02:00] flutterwave/rave.NOTICE: Generating Reference Number.... [] []
[2022-04-16T23:56:57.307001+02:00] flutterwave/rave.NOTICE: Generated Reference Number....Mutabazi Moses [] []
[2022-04-16T23:56:57.307047+02:00] flutterwave/rave.NOTICE: Rave Class Initializes.... [] []
[2022-04-16T23:56:57.307089+02:00] flutterwave/rave.NOTICE: Generating Checksum.... [] []
[2022-04-16T23:58:23.240653+02:00] flutterwave/rave.NOTICE: Generating Reference Number.... [] []
[2022-04-16T23:58:23.246615+02:00] flutterwave/rave.NOTICE: Generated Reference Number....Mutabazi Moses [] []
[2022-04-16T23:58:23.246862+02:00] flutterwave/rave.NOTICE: Rave Class Initializes.... [] []
[2022-04-16T23:58:23.247000+02:00] flutterwave/rave.NOTICE: Generating Checksum.... [] []
[2022-04-16T23:59:34.368096+02:00] flutterwave/rave.NOTICE: Generating Reference Number.... [] []
[2022-04-16T23:59:34.369769+02:00] flutterwave/rave.NOTICE: Generated Reference Number....Mutabazi Moses [] []
[2022-04-16T23:59:34.369845+02:00] flutterwave/rave.NOTICE: Rave Class Initializes.... [] []
[2022-04-16T23:59:34.369926+02:00] flutterwave/rave.NOTICE: Generating Checksum.... [] []
