[2022-04-18T06:20:13.788425+02:00] flutterwave/rave.NOTICE: Generating Reference Number.... [] []
[2022-04-18T06:20:13.829140+02:00] flutterwave/rave.NOTICE: Generated Reference Number....1234567890123456 [] []
[2022-04-18T06:20:13.829230+02:00] flutterwave/rave.NOTICE: Rave Class Initializes.... [] []
[2022-04-18T06:20:13.829322+02:00] flutterwave/rave.NOTICE: Generating Checksum.... [] []
[2022-04-18T06:21:23.892488+02:00] flutterwave/rave.NOTICE: Generating Reference Number.... [] []
[2022-04-18T06:21:23.893890+02:00] flutterwave/rave.NOTICE: Generated Reference Number....RV_625ce743da3b9 [] []
[2022-04-18T06:21:23.894094+02:00] flutterwave/rave.NOTICE: Rave Class Initializes.... [] []
[2022-04-18T06:21:23.894150+02:00] flutterwave/rave.NOTICE: Payment completed. Now requerying payment. [] []
[2022-04-18T06:21:23.894189+02:00] flutterwave/rave.NOTICE: Requerying Transaction....3294887 [] []
[2022-04-18T06:21:28.634742+02:00] flutterwave/rave.NOTICE: Requeryed a successful transaction....{"id":3294887,"tx_ref":"1234567890123456","flw_ref":"flwm3s4m0c1650255678479","device_fingerprint":"8acae5cb587eebbafba5f1f22fa2e403","amount":10000,"currency":"RWF","charged_amount":10000,"app_fee":290,"merchant_fee":0,"processor_response":"Approved","auth_model":"MOBILEMONEY","ip":"41.186.78.145","narration":"Mutabazi Moise","status":"successful","payment_type":"mobilemoneyrw","created_at":"2022-04-18T04:21:18.000Z","account_id":519020,"meta":{"__CheckoutInitAddress":"http:\/\/127.0.0.1\/uburyohe\/flutter\/processPayment.php"},"amount_settled":9710,"customer":{"id":1595270,"name":"Mutabazi Moses ","phone_number":"0786204000","email":"client@gmail.com","created_at":"2022-04-18T04:21:18.000Z"}} [] []
[2022-04-18T06:31:17.038662+02:00] flutterwave/rave.NOTICE: Generating Reference Number.... [] []
[2022-04-18T06:31:17.044337+02:00] flutterwave/rave.NOTICE: Generated Reference Number....1234567890123456 [] []
[2022-04-18T06:31:17.044459+02:00] flutterwave/rave.NOTICE: Rave Class Initializes.... [] []
[2022-04-18T06:31:17.044627+02:00] flutterwave/rave.NOTICE: Generating Checksum.... [] []
[2022-04-18T06:31:49.056525+02:00] flutterwave/rave.NOTICE: Generating Reference Number.... [] []
[2022-04-18T06:31:49.063314+02:00] flutterwave/rave.NOTICE: Generated Reference Number....RV_625ce9b50f73f [] []
[2022-04-18T06:31:49.063398+02:00] flutterwave/rave.NOTICE: Rave Class Initializes.... [] []
[2022-04-18T06:31:49.063466+02:00] flutterwave/rave.NOTICE: Payment completed. Now requerying payment. [] []
[2022-04-18T06:31:49.063535+02:00] flutterwave/rave.NOTICE: Requerying Transaction....3294903 [] []
[2022-04-18T06:31:50.488074+02:00] flutterwave/rave.NOTICE: Requeryed a successful transaction....{"id":3294903,"tx_ref":"1234567890123456","flw_ref":"flwm3s4m0c1650256301411","device_fingerprint":"8acae5cb587eebbafba5f1f22fa2e403","amount":10000,"currency":"RWF","charged_amount":10000,"app_fee":290,"merchant_fee":0,"processor_response":"Approved","auth_model":"MOBILEMONEY","ip":"41.186.78.145","narration":"Mutabazi Moise","status":"successful","payment_type":"mobilemoneyrw","created_at":"2022-04-18T04:31:41.000Z","account_id":519020,"meta":{"__CheckoutInitAddress":"http:\/\/127.0.0.1\/uburyohe\/flutter\/processPayment.php"},"amount_settled":9710,"customer":{"id":1595270,"name":"Mutabazi Moses ","phone_number":"0786204000","email":"client@gmail.com","created_at":"2022-04-18T04:21:18.000Z"}} [] []
[2022-04-18T06:37:46.486545+02:00] flutterwave/rave.NOTICE: Generating Reference Number.... [] []
[2022-04-18T06:37:46.488286+02:00] flutterwave/rave.NOTICE: Generated Reference Number....RV_625ceb1a77351 [] []
[2022-04-18T06:37:46.488348+02:00] flutterwave/rave.NOTICE: Rave Class Initializes.... [] []
[2022-04-18T06:37:46.488410+02:00] flutterwave/rave.NOTICE: Payment completed. Now requerying payment. [] []
[2022-04-18T06:37:46.488476+02:00] flutterwave/rave.NOTICE: Requerying Transaction....3294903 [] []
[2022-04-18T06:38:01.390804+02:00] flutterwave/rave.NOTICE: Generating Reference Number.... [] []
[2022-04-18T06:38:01.396405+02:00] flutterwave/rave.NOTICE: Generated Reference Number....1234567890123456 [] []
[2022-04-18T06:38:01.396633+02:00] flutterwave/rave.NOTICE: Rave Class Initializes.... [] []
[2022-04-18T06:38:01.396741+02:00] flutterwave/rave.NOTICE: Generating Checksum.... [] []
[2022-04-18T06:38:32.769290+02:00] flutterwave/rave.NOTICE: Generating Reference Number.... [] []
[2022-04-18T06:38:32.770611+02:00] flutterwave/rave.NOTICE: Generated Reference Number....RV_625ceb48bc229 [] []
[2022-04-18T06:38:32.770657+02:00] flutterwave/rave.NOTICE: Rave Class Initializes.... [] []
[2022-04-18T06:38:32.770691+02:00] flutterwave/rave.NOTICE: Payment completed. Now requerying payment. [] []
[2022-04-18T06:38:32.770722+02:00] flutterwave/rave.NOTICE: Requerying Transaction....3294910 [] []
[2022-04-18T06:38:34.225590+02:00] flutterwave/rave.NOTICE: Requeryed a successful transaction....{"id":3294910,"tx_ref":"1234567890123456","flw_ref":"flwm3s4m0c1650256705509","device_fingerprint":"8acae5cb587eebbafba5f1f22fa2e403","amount":10000,"currency":"RWF","charged_amount":10000,"app_fee":290,"merchant_fee":0,"processor_response":"Approved","auth_model":"MOBILEMONEY","ip":"41.186.78.145","narration":"Mutabazi Moise","status":"successful","payment_type":"mobilemoneyrw","created_at":"2022-04-18T04:38:25.000Z","account_id":519020,"meta":{"__CheckoutInitAddress":"http:\/\/127.0.0.1\/uburyohe\/flutter\/processPayment.php"},"amount_settled":9710,"customer":{"id":1595270,"name":"Mutabazi Moses ","phone_number":"0786204000","email":"client@gmail.com","created_at":"2022-04-18T04:21:18.000Z"}} [] []
[2022-04-18T08:48:03.394830+02:00] flutterwave/rave.NOTICE: Generating Reference Number.... [] []
[2022-04-18T08:48:03.398904+02:00] flutterwave/rave.NOTICE: Generated Reference Number....1234567890123456 [] []
[2022-04-18T08:48:03.398986+02:00] flutterwave/rave.NOTICE: Rave Class Initializes.... [] []
[2022-04-18T08:48:03.399091+02:00] flutterwave/rave.NOTICE: Generating Checksum.... [] []
[2022-04-18T08:49:46.499710+02:00] flutterwave/rave.NOTICE: Generating Reference Number.... [] []
[2022-04-18T08:49:46.503236+02:00] flutterwave/rave.NOTICE: Generated Reference Number....RV_625d0a0a7adad [] []
[2022-04-18T08:49:46.503798+02:00] flutterwave/rave.NOTICE: Rave Class Initializes.... [] []
[2022-04-18T08:49:46.503902+02:00] flutterwave/rave.NOTICE: Payment completed. Now requerying payment. [] []
[2022-04-18T08:49:46.504106+02:00] flutterwave/rave.NOTICE: Requerying Transaction....3295065 [] []
[2022-04-18T08:49:47.964882+02:00] flutterwave/rave.NOTICE: Requeryed a successful transaction....{"id":3295065,"tx_ref":"1234567890123456","flw_ref":"flwm3s4m0c1650264581057","device_fingerprint":"8acae5cb587eebbafba5f1f22fa2e403","amount":10000,"currency":"RWF","charged_amount":10000,"app_fee":290,"merchant_fee":0,"processor_response":"Approved","auth_model":"MOBILEMONEY","ip":"41.186.78.145","narration":"Mutabazi Moise","status":"successful","payment_type":"mobilemoneyrw","created_at":"2022-04-18T06:49:40.000Z","account_id":519020,"meta":{"__CheckoutInitAddress":"http:\/\/127.0.0.1\/uburyohe\/flutter\/processPayment.php"},"amount_settled":9710,"customer":{"id":1595270,"name":"Mutabazi Moses ","phone_number":"0786204000","email":"client@gmail.com","created_at":"2022-04-18T04:21:18.000Z"}} [] []
[2022-04-18T08:54:03.925406+02:00] flutterwave/rave.NOTICE: Generating Reference Number.... [] []
[2022-04-18T08:54:03.927116+02:00] flutterwave/rave.NOTICE: Generated Reference Number....1234567890123456 [] []
[2022-04-18T08:54:03.927179+02:00] flutterwave/rave.NOTICE: Rave Class Initializes.... [] []
[2022-04-18T08:54:03.927246+02:00] flutterwave/rave.NOTICE: Generating Checksum.... [] []
[2022-04-18T08:56:09.057987+02:00] flutterwave/rave.NOTICE: Generating Reference Number.... [] []
[2022-04-18T08:56:09.060672+02:00] flutterwave/rave.NOTICE: Generated Reference Number....RV_625d0b890ecf3 [] []
[2022-04-18T08:56:09.060721+02:00] flutterwave/rave.NOTICE: Rave Class Initializes.... [] []
[2022-04-18T08:56:09.060759+02:00] flutterwave/rave.NOTICE: Payment was canceled by user..RV_625d0b890ecf3 [] []
[2022-04-18T08:56:18.080261+02:00] flutterwave/rave.NOTICE: Generating Reference Number.... [] []
[2022-04-18T08:56:18.086890+02:00] flutterwave/rave.NOTICE: Generated Reference Number....1234567890123456 [] []
[2022-04-18T08:56:18.086986+02:00] flutterwave/rave.NOTICE: Rave Class Initializes.... [] []
[2022-04-18T08:56:18.087069+02:00] flutterwave/rave.NOTICE: Generating Checksum.... [] []
[2022-04-18T08:56:50.123600+02:00] flutterwave/rave.NOTICE: Generating Reference Number.... [] []
[2022-04-18T08:56:50.125464+02:00] flutterwave/rave.NOTICE: Generated Reference Number....RV_625d0bb21ea0b [] []
[2022-04-18T08:56:50.125509+02:00] flutterwave/rave.NOTICE: Rave Class Initializes.... [] []
[2022-04-18T08:56:50.125544+02:00] flutterwave/rave.NOTICE: Payment completed. Now requerying payment. [] []
[2022-04-18T08:56:50.125575+02:00] flutterwave/rave.NOTICE: Requerying Transaction....3295081 [] []
[2022-04-18T08:56:51.566651+02:00] flutterwave/rave.NOTICE: Requeryed a successful transaction....{"id":3295081,"tx_ref":"1234567890123456","flw_ref":"flwm3s4m0c1650265004932","device_fingerprint":"8acae5cb587eebbafba5f1f22fa2e403","amount":10000,"currency":"RWF","charged_amount":10000,"app_fee":290,"merchant_fee":0,"processor_response":"Approved","auth_model":"MOBILEMONEY","ip":"41.186.78.145","narration":"Mutabazi Moise","status":"successful","payment_type":"mobilemoneyrw","created_at":"2022-04-18T06:56:44.000Z","account_id":519020,"meta":{"__CheckoutInitAddress":"http:\/\/127.0.0.1\/uburyohe\/flutter\/processPayment.php"},"amount_settled":9710,"customer":{"id":1595270,"name":"Mutabazi Moses ","phone_number":"0786204000","email":"client@gmail.com","created_at":"2022-04-18T04:21:18.000Z"}} [] []
[2022-04-18T17:19:19.782560+02:00] flutterwave/rave.NOTICE: Generating Reference Number.... [] []
[2022-04-18T17:19:19.817069+02:00] flutterwave/rave.NOTICE: Generated Reference Number....1233123456789012 [] []
[2022-04-18T17:19:19.817138+02:00] flutterwave/rave.NOTICE: Rave Class Initializes.... [] []
[2022-04-18T17:19:19.817189+02:00] flutterwave/rave.NOTICE: Generating Checksum.... [] []
[2022-04-18T17:21:02.392433+02:00] flutterwave/rave.NOTICE: Generating Reference Number.... [] []
[2022-04-18T17:21:02.394304+02:00] flutterwave/rave.NOTICE: Generated Reference Number....RV_625d81de60434 [] []
[2022-04-18T17:21:02.394357+02:00] flutterwave/rave.NOTICE: Rave Class Initializes.... [] []
[2022-04-18T17:21:02.394392+02:00] flutterwave/rave.NOTICE: Payment completed. Now requerying payment. [] []
[2022-04-18T17:21:02.394423+02:00] flutterwave/rave.NOTICE: Requerying Transaction....3295926 [] []
[2022-04-18T17:21:03.640146+02:00] flutterwave/rave.NOTICE: Requeryed a successful transaction....{"id":3295926,"tx_ref":"1233123456789012","flw_ref":"flwm3s4m0c1650295257184","device_fingerprint":"8acae5cb587eebbafba5f1f22fa2e403","amount":1000,"currency":"RWF","charged_amount":1000,"app_fee":29,"merchant_fee":0,"processor_response":"Approved","auth_model":"MOBILEMONEY","ip":"105.178.49.86","narration":"Mutabazi Moise","status":"successful","payment_type":"mobilemoneyrw","created_at":"2022-04-18T15:20:56.000Z","account_id":519020,"meta":{"__CheckoutInitAddress":"http:\/\/127.0.0.1\/uburyohe\/flutter\/processPayment.php"},"amount_settled":971,"customer":{"id":1596218,"name":"UKUNDIMANA ERIC ","phone_number":"0781079171","email":"client@gmail.com","created_at":"2022-04-18T15:20:56.000Z"}} [] []
[2022-04-18T17:24:48.745428+02:00] flutterwave/rave.NOTICE: Generating Reference Number.... [] []
[2022-04-18T17:24:48.777417+02:00] flutterwave/rave.NOTICE: Generated Reference Number....1233123456789012 [] []
[2022-04-18T17:24:48.777475+02:00] flutterwave/rave.NOTICE: Rave Class Initializes.... [] []
[2022-04-18T17:24:48.777516+02:00] flutterwave/rave.NOTICE: Generating Checksum.... [] []
[2022-04-18T17:25:14.411001+02:00] flutterwave/rave.NOTICE: Generating Reference Number.... [] []
[2022-04-18T17:25:14.415788+02:00] flutterwave/rave.NOTICE: Generated Reference Number....RV_625d82da657e0 [] []
[2022-04-18T17:25:14.416011+02:00] flutterwave/rave.NOTICE: Rave Class Initializes.... [] []
[2022-04-18T17:25:14.417109+02:00] flutterwave/rave.NOTICE: Payment completed. Now requerying payment. [] []
[2022-04-18T17:25:14.417473+02:00] flutterwave/rave.NOTICE: Requerying Transaction....3295931 [] []
[2022-04-18T17:25:15.578860+02:00] flutterwave/rave.NOTICE: Requeryed a successful transaction....{"id":3295931,"tx_ref":"1233123456789012","flw_ref":"flwm3s4m0c1650295509362","device_fingerprint":"8acae5cb587eebbafba5f1f22fa2e403","amount":10000,"currency":"RWF","charged_amount":10000,"app_fee":290,"merchant_fee":0,"processor_response":"Approved","auth_model":"MOBILEMONEY","ip":"105.178.49.86","narration":"Mutabazi Moise","status":"successful","payment_type":"mobilemoneyrw","created_at":"2022-04-18T15:25:09.000Z","account_id":519020,"meta":{"__CheckoutInitAddress":"http:\/\/127.0.0.1\/uburyohe\/flutter\/processPayment.php"},"amount_settled":9710,"customer":{"id":1596218,"name":"UKUNDIMANA ERIC ","phone_number":"0781079171","email":"client@gmail.com","created_at":"2022-04-18T15:20:56.000Z"}} [] []
