[2022-04-17T00:01:59.867991+02:00] flutterwave/rave.NOTICE: Generating Reference Number.... [] []
[2022-04-17T00:01:59.874868+02:00] flutterwave/rave.NOTICE: Generated Reference Number....Mutabazi Moses [] []
[2022-04-17T00:01:59.875008+02:00] flutterwave/rave.NOTICE: Rave Class Initializes.... [] []
[2022-04-17T00:01:59.875118+02:00] flutterwave/rave.NOTICE: Generating Checksum.... [] []
[2022-04-17T00:02:39.854637+02:00] flutterwave/rave.NOTICE: Generating Reference Number.... [] []
[2022-04-17T00:02:39.859298+02:00] flutterwave/rave.NOTICE: Generated Reference Number....RV_625b3cffd1c89 [] []
[2022-04-17T00:02:39.859615+02:00] flutterwave/rave.NOTICE: Rave Class Initializes.... [] []
[2022-04-17T00:02:39.859719+02:00] flutterwave/rave.NOTICE: Payment completed. Now requerying payment. [] []
[2022-04-17T00:02:39.859775+02:00] flutterwave/rave.NOTICE: Requerying Transaction....3293659 [] []
[2022-04-17T00:02:41.277270+02:00] flutterwave/rave.NOTICE: Requeryed a successful transaction....{"id":3293659,"tx_ref":"Mutabazi Moses","flw_ref":"flwm3s4m0c1650146555587","device_fingerprint":"8acae5cb587eebbafba5f1f22fa2e403","amount":1000,"currency":"RWF","charged_amount":1000,"app_fee":29,"merchant_fee":0,"processor_response":"Approved","auth_model":"MOBILEMONEY","ip":"41.186.78.65","narration":"Mutabazi Moise","status":"successful","payment_type":"mobilemoneyrw","created_at":"2022-04-16T22:02:35.000Z","account_id":519020,"meta":{"__CheckoutInitAddress":"http:\/\/127.0.0.1\/uburyohe\/flutter\/processPayment.php"},"amount_settled":971,"customer":{"id":1363675,"name":"MUTABAZI Moses","phone_number":"0786204000","email":"mosesmutabazi78@gmail.com","created_at":"2021-08-12T06:53:24.000Z"}} [] []
[2022-04-17T00:12:52.994803+02:00] flutterwave/rave.NOTICE: Generating Reference Number.... [] []
[2022-04-17T00:12:52.998996+02:00] flutterwave/rave.NOTICE: Generated Reference Number....1234567890123456 [] []
[2022-04-17T00:12:52.999071+02:00] flutterwave/rave.NOTICE: Rave Class Initializes.... [] []
[2022-04-17T00:12:52.999143+02:00] flutterwave/rave.NOTICE: Generating Checksum.... [] []
[2022-04-17T00:13:23.490175+02:00] flutterwave/rave.NOTICE: Generating Reference Number.... [] []
[2022-04-17T00:13:23.495699+02:00] flutterwave/rave.NOTICE: Generated Reference Number....RV_625b3f837902f [] []
[2022-04-17T00:13:23.496011+02:00] flutterwave/rave.NOTICE: Rave Class Initializes.... [] []
[2022-04-17T00:13:23.496109+02:00] flutterwave/rave.NOTICE: Payment completed. Now requerying payment. [] []
[2022-04-17T00:13:23.496186+02:00] flutterwave/rave.NOTICE: Requerying Transaction....3293671 [] []
[2022-04-17T00:14:10.449341+02:00] flutterwave/rave.NOTICE: Generating Reference Number.... [] []
[2022-04-17T00:14:10.453138+02:00] flutterwave/rave.NOTICE: Generated Reference Number....RV_625b3fb26e9ff [] []
[2022-04-17T00:14:10.453204+02:00] flutterwave/rave.NOTICE: Rave Class Initializes.... [] []
[2022-04-17T00:14:10.453269+02:00] flutterwave/rave.NOTICE: Payment completed. Now requerying payment. [] []
[2022-04-17T00:14:10.453314+02:00] flutterwave/rave.NOTICE: Requerying Transaction....3293671 [] []
[2022-04-17T00:14:12.851124+02:00] flutterwave/rave.NOTICE: Requeryed a successful transaction....{"id":3293671,"tx_ref":"1234567890123456","flw_ref":"flwm3s4m0c1650147198859","device_fingerprint":"8acae5cb587eebbafba5f1f22fa2e403","amount":1000,"currency":"RWF","charged_amount":1000,"app_fee":29,"merchant_fee":0,"processor_response":"Approved","auth_model":"MOBILEMONEY","ip":"41.186.78.65","narration":"Mutabazi Moise","status":"successful","payment_type":"mobilemoneyrw","created_at":"2022-04-16T22:13:18.000Z","account_id":519020,"meta":{"__CheckoutInitAddress":"http:\/\/127.0.0.1\/uburyohe\/flutter\/processPayment.php"},"amount_settled":971,"customer":{"id":1363675,"name":"MUTABAZI Moses","phone_number":"0786204000","email":"mosesmutabazi78@gmail.com","created_at":"2021-08-12T06:53:24.000Z"}} [] []
[2022-04-17T07:37:26.647015+02:00] flutterwave/rave.NOTICE: Generating Reference Number.... [] []
[2022-04-17T07:37:26.652369+02:00] flutterwave/rave.NOTICE: Generated Reference Number....RV_625ba7969f435 [] []
[2022-04-17T07:37:26.652766+02:00] flutterwave/rave.NOTICE: Rave Class Initializes.... [] []
[2022-04-17T07:37:26.652860+02:00] flutterwave/rave.NOTICE: Payment completed. Now requerying payment. [] []
[2022-04-17T07:37:26.652926+02:00] flutterwave/rave.NOTICE: Requerying Transaction....3293671 [] []
